[debug] [2025-08-13T05:29:02.019Z] ----------------------------------------------------------------------
[debug] [2025-08-13T05:29:02.023Z] Command:       /usr/local/Cellar/node/24.3.0/bin/node /usr/local/bin/firebase emulators:start
[debug] [2025-08-13T05:29:02.024Z] CLI Version:   14.12.0
[debug] [2025-08-13T05:29:02.024Z] Platform:      darwin
[debug] [2025-08-13T05:29:02.024Z] Node Version:  v24.3.0
[debug] [2025-08-13T05:29:02.024Z] Time:          Wed Aug 13 2025 06:29:02 GMT+0100 (GMT+01:00)
[debug] [2025-08-13T05:29:02.024Z] ----------------------------------------------------------------------
[debug] 
[debug] [2025-08-13T05:29:02.247Z] > command requires scopes: ["email","openid","https://www.googleapis.com/auth/cloudplatformprojects.readonly","https://www.googleapis.com/auth/firebase","https://www.googleapis.com/auth/cloud-platform"]
[debug] [2025-08-13T05:29:02.247Z] > authorizing via signed-in user (amine.moujahid@um5r.ac.ma)
[info] i  emulators: Starting emulators: functions, hosting, extensions {"metadata":{"emulator":{"name":"hub"},"message":"Starting emulators: functions, hosting, extensions"}}
[debug] [2025-08-13T05:29:02.252Z] Checked if tokens are valid: true, expires at: 1755065995526
[debug] [2025-08-13T05:29:02.252Z] Checked if tokens are valid: true, expires at: 1755065995526
[debug] [2025-08-13T05:29:02.253Z] >>> [apiv2][query] GET https://cloudresourcemanager.googleapis.com/v1/projects/clone-6f203 [none]
[debug] [2025-08-13T05:29:03.170Z] <<< [apiv2][status] GET https://cloudresourcemanager.googleapis.com/v1/projects/clone-6f203 200
[debug] [2025-08-13T05:29:03.170Z] <<< [apiv2][body] GET https://cloudresourcemanager.googleapis.com/v1/projects/clone-6f203 {"projectNumber":"484817421290","projectId":"clone-6f203","lifecycleState":"ACTIVE","name":"amazon-clone","labels":{"firebase":"enabled","firebase-core":"disabled"},"createTime":"2025-08-06T15:53:47.357915Z","parent":{"type":"organization","id":"813914052536"}}
[debug] [2025-08-13T05:29:03.931Z] [logging] Logging Emulator only supports listening on one address (127.0.0.1). Not listening on ::1
[warn] âš   hosting: Hosting Emulator unable to start on port 5000, starting on 5002 instead. {"metadata":{"emulator":{"name":"hosting"},"message":"Hosting Emulator unable to start on port 5000, starting on 5002 instead."}}
[debug] [2025-08-13T05:29:03.932Z] [hosting] Hosting Emulator only supports listening on one address (127.0.0.1). Not listening on ::1
[debug] [2025-08-13T05:29:03.932Z] assigned listening specs for emulators {"user":{"hub":[{"address":"127.0.0.1","family":"IPv4","port":4400},{"address":"::1","family":"IPv6","port":4400}],"ui":[{"address":"127.0.0.1","family":"IPv4","port":4000},{"address":"::1","family":"IPv6","port":4000}],"logging":[{"address":"127.0.0.1","family":"IPv4","port":4500}],"hosting":[{"address":"127.0.0.1","family":"IPv4","port":5002}]},"metadata":{"message":"assigned listening specs for emulators"}}
[debug] [2025-08-13T05:29:03.935Z] [hub] writing locator at /var/folders/ml/3nc31qfs0s31v300x9n8m6lc0000gn/T/hub-clone-6f203.json
[debug] [2025-08-13T05:29:03.937Z] [Extensions] Started Extensions emulator, this is a noop.
[debug] [2025-08-13T05:29:04.424Z] [functions] Functions Emulator only supports listening on one address (127.0.0.1). Not listening on ::1
[debug] [2025-08-13T05:29:04.424Z] [eventarc] Eventarc Emulator only supports listening on one address (127.0.0.1). Not listening on ::1
[debug] [2025-08-13T05:29:04.424Z] [tasks] Cloud Tasks Emulator only supports listening on one address (127.0.0.1). Not listening on ::1
[debug] [2025-08-13T05:29:04.424Z] late-assigned ports for functions and eventarc emulators {"user":{"hub":[{"address":"127.0.0.1","family":"IPv4","port":4400},{"address":"::1","family":"IPv6","port":4400}],"ui":[{"address":"127.0.0.1","family":"IPv4","port":4000},{"address":"::1","family":"IPv6","port":4000}],"logging":[{"address":"127.0.0.1","family":"IPv4","port":4500}],"hosting":[{"address":"127.0.0.1","family":"IPv4","port":5002}],"functions":[{"address":"127.0.0.1","family":"IPv4","port":5001}],"eventarc":[{"address":"127.0.0.1","family":"IPv4","port":9299}],"tasks":[{"address":"127.0.0.1","family":"IPv4","port":9499}]},"metadata":{"message":"late-assigned ports for functions and eventarc emulators"}}
[warn] âš   functions: The following emulators are not running, calls to these services from the Functions emulator will affect production: apphosting, auth, firestore, database, pubsub, storage, dataconnect {"metadata":{"emulator":{"name":"functions"},"message":"The following emulators are not running, calls to these services from the Functions emulator will affect production: \u001b[1mapphosting, auth, firestore, database, pubsub, storage, dataconnect\u001b[22m"}}
[debug] [2025-08-13T05:29:04.431Z] defaultcredentials: writing to file /Users/pc/.config/firebase/amine_moujahid_um5r.ac.ma_application_default_credentials.json
[debug] [2025-08-13T05:29:04.432Z] Setting GAC to /Users/pc/.config/firebase/amine_moujahid_um5r.ac.ma_application_default_credentials.json {"metadata":{"emulator":{"name":"functions"},"message":"Setting GAC to /Users/pc/.config/firebase/amine_moujahid_um5r.ac.ma_application_default_credentials.json"}}
[debug] [2025-08-13T05:29:04.432Z] Checked if tokens are valid: true, expires at: 1755065995526
[debug] [2025-08-13T05:29:04.432Z] Checked if tokens are valid: true, expires at: 1755065995526
[debug] [2025-08-13T05:29:04.432Z] >>> [apiv2][query] GET https://firebase.googleapis.com/v1beta1/projects/clone-6f203/adminSdkConfig [none]
[debug] [2025-08-13T05:29:04.857Z] <<< [apiv2][status] GET https://firebase.googleapis.com/v1beta1/projects/clone-6f203/adminSdkConfig 200
[debug] [2025-08-13T05:29:04.858Z] <<< [apiv2][body] GET https://firebase.googleapis.com/v1beta1/projects/clone-6f203/adminSdkConfig {"projectId":"clone-6f203","storageBucket":"clone-6f203.firebasestorage.app"}
[debug] [2025-08-13T05:29:04.890Z] Checked if tokens are valid: true, expires at: 1755065995526
[debug] [2025-08-13T05:29:04.890Z] Checked if tokens are valid: true, expires at: 1755065995526
[debug] [2025-08-13T05:29:04.890Z] >>> [apiv2][query] GET https://firebasehosting.googleapis.com/v1beta1/projects/clone-6f203/sites 
[debug] [2025-08-13T05:29:05.860Z] <<< [apiv2][status] GET https://firebasehosting.googleapis.com/v1beta1/projects/clone-6f203/sites 200
[debug] [2025-08-13T05:29:05.860Z] <<< [apiv2][body] GET https://firebasehosting.googleapis.com/v1beta1/projects/clone-6f203/sites {"sites":[{"name":"projects/clone-6f203/sites/clone-6f203","defaultUrl":"https://clone-6f203.web.app","appId":"1:484817421290:web:aef468cbecf4c9da87a893","type":"DEFAULT_SITE"}]}
[debug] [2025-08-13T05:29:05.860Z] Checked if tokens are valid: true, expires at: 1755065995526
[debug] [2025-08-13T05:29:05.860Z] Checked if tokens are valid: true, expires at: 1755065995526
[debug] [2025-08-13T05:29:05.860Z] >>> [apiv2][query] GET https://firebase.googleapis.com/v1beta1/projects/clone-6f203/webApps/1:484817421290:web:aef468cbecf4c9da87a893/config [none]
[debug] [2025-08-13T05:29:06.508Z] <<< [apiv2][status] GET https://firebase.googleapis.com/v1beta1/projects/clone-6f203/webApps/1:484817421290:web:aef468cbecf4c9da87a893/config 200
[debug] [2025-08-13T05:29:06.508Z] <<< [apiv2][body] GET https://firebase.googleapis.com/v1beta1/projects/clone-6f203/webApps/1:484817421290:web:aef468cbecf4c9da87a893/config {"projectId":"clone-6f203","appId":"1:484817421290:web:aef468cbecf4c9da87a893","storageBucket":"clone-6f203.firebasestorage.app","apiKey":"AIzaSyDWfNSVG63M9m0WlS14cn85lPmrrGxRDX8","authDomain":"clone-6f203.firebaseapp.com","messagingSenderId":"484817421290","measurementId":"G-VQMNRY5F3C"}
[debug] [2025-08-13T05:29:06.534Z] Checked if tokens are valid: true, expires at: 1755065995526
[debug] [2025-08-13T05:29:06.534Z] Checked if tokens are valid: true, expires at: 1755065995526
[debug] [2025-08-13T05:29:06.534Z] >>> [apiv2][query] GET https://firebase.googleapis.com/v1beta1/projects/clone-6f203 [none]
[debug] [2025-08-13T05:29:06.782Z] <<< [apiv2][status] GET https://firebase.googleapis.com/v1beta1/projects/clone-6f203 200
[debug] [2025-08-13T05:29:06.783Z] <<< [apiv2][body] GET https://firebase.googleapis.com/v1beta1/projects/clone-6f203 {"projectId":"clone-6f203","projectNumber":"484817421290","displayName":"amazon-clone","name":"projects/clone-6f203","resources":{"hostingSite":"clone-6f203"},"state":"ACTIVE","etag":"1_815244dd-5601-4654-a490-9b570efb23e9"}
[debug] [2025-08-13T05:29:06.784Z] Specified "public" directory "build" does not exist; Deploy to Hosting site "clone-6f203" may fail or be empty.
[info] i  hosting[clone-6f203]: Serving hosting files from: build {"metadata":{"emulator":{"name":"hosting"},"message":"Serving hosting files from: \u001b[1mbuild\u001b[22m"}}
[info] âœ”  hosting[clone-6f203]: Local server: http://127.0.0.1:5002 {"metadata":{"emulator":{"name":"hosting"},"message":"Local server: \u001b[4m\u001b[1mhttp://127.0.0.1:5002\u001b[22m\u001b[24m"}}
[debug] [2025-08-13T05:29:06.875Z] [Extensions] Connecting Extensions emulator, this is a noop.
[info] i  functions: Watching "/Users/pc/Desktop/Amazon-clone/amazon-clone/functions" for Cloud Functions... {"metadata":{"emulator":{"name":"functions"},"message":"Watching \"/Users/pc/Desktop/Amazon-clone/amazon-clone/functions\" for Cloud Functions..."}}
[debug] [2025-08-13T05:29:06.881Z] Validating nodejs source
[debug] [2025-08-13T05:29:07.657Z] > [functions] package.json contents: {
  "name": "functions",
  "description": "Cloud Functions for Firebase",
  "scripts": {
    "lint": "eslint .",
    "serve": "firebase emulators:start --only functions",
    "shell": "firebase functions:shell",
    "start": "npm run shell",
    "deploy": "firebase deploy --only functions",
    "logs": "firebase functions:log"
  },
  "engines": {
    "node": "22"
  },
  "main": "index.js",
  "dependencies": {
    "cors": "^2.8.5",
    "dotenv": "^17.2.1",
    "express": "^5.1.0",
    "firebase-admin": "^12.6.0",
    "firebase-functions": "^6.0.1",
    "stripe": "^18.4.0"
  },
  "devDependencies": {
    "eslint": "^8.15.0",
    "eslint-config-google": "^0.14.0",
    "firebase-functions-test": "^3.1.0"
  },
  "private": true
}
[debug] [2025-08-13T05:29:07.657Z] Building nodejs source
[debug] [2025-08-13T05:29:07.658Z] Failed to find version of module node: reached end of search path /Users/pc/Desktop/Amazon-clone/amazon-clone/functions/node_modules
[warn] âš   functions: Your requested "node" version "22" doesn't match your global version "24". Using node@24 from host. 
[info] i  functions: Loaded environment variables from .env. 
[debug] [2025-08-13T05:29:07.661Z] Could not find functions.yaml. Must use http discovery
[debug] [2025-08-13T05:29:07.669Z] Found firebase-functions binary at '/Users/pc/Desktop/Amazon-clone/amazon-clone/functions/node_modules/.bin/firebase-functions'
[info] Serving at port 8561

[info] [dotenv@17.2.1] injecting env (1) from .env -- tip: ðŸ” prevent committing .env to code: https://dotenvx.com/precommit

[debug] [2025-08-13T05:29:08.119Z] Got response from /__/functions.yaml {"endpoints":{"api":{"availableMemoryMb":null,"timeoutSeconds":null,"minInstances":null,"maxInstances":null,"ingressSettings":null,"concurrency":null,"serviceAccountEmail":null,"vpc":null,"platform":"gcfv2","labels":{},"httpsTrigger":{},"entryPoint":"api"}},"specVersion":"v1alpha1","requiredAPIs":[],"extensions":{}}
[debug] [2025-08-13T05:29:12.143Z] defaultcredentials: writing to file /Users/pc/.config/firebase/amine_moujahid_um5r.ac.ma_application_default_credentials.json
[debug] [2025-08-13T05:29:12.143Z] Setting GAC to /Users/pc/.config/firebase/amine_moujahid_um5r.ac.ma_application_default_credentials.json {"metadata":{"emulator":{"name":"functions"},"message":"Setting GAC to /Users/pc/.config/firebase/amine_moujahid_um5r.ac.ma_application_default_credentials.json"}}
[info] âœ”  functions: Loaded functions definitions from source: api. {"metadata":{"emulator":{"name":"functions"},"message":"Loaded functions definitions from source: api."}}
[info] âœ”  functions[us-central1-api]: http function initialized (http://127.0.0.1:5001/clone-6f203/us-central1/api). {"metadata":{"emulator":{"name":"functions"},"message":"\u001b[1mhttp\u001b[22m function initialized (http://127.0.0.1:5001/clone-6f203/us-central1/api)."}}
[debug] [2025-08-13T05:29:12.149Z] Could not find VSCode notification endpoint: FetchError: request to http://localhost:40001/vscode/notify failed, reason: . If you are not running the Firebase Data Connect VSCode extension, this is expected and not an issue.
[info] 
â”Œâ”€â”€â”€â”€â”€â”€â”€â”€â”€â”€â”€â”€â”€â”€â”€â”€â”€â”€â”€â”€â”€â”€â”€â”€â”€â”€â”€â”€â”€â”€â”€â”€â”€â”€â”€â”€â”€â”€â”€â”€â”€â”€â”€â”€â”€â”€â”€â”€â”€â”€â”€â”€â”€â”€â”€â”€â”€â”€â”€â”€â”€â”
â”‚ âœ”  All emulators ready! It is now safe to connect your app. â”‚
â”‚ i  View Emulator UI at http://127.0.0.1:4000/               â”‚
â””â”€â”€â”€â”€â”€â”€â”€â”€â”€â”€â”€â”€â”€â”€â”€â”€â”€â”€â”€â”€â”€â”€â”€â”€â”€â”€â”€â”€â”€â”€â”€â”€â”€â”€â”€â”€â”€â”€â”€â”€â”€â”€â”€â”€â”€â”€â”€â”€â”€â”€â”€â”€â”€â”€â”€â”€â”€â”€â”€â”€â”€â”˜

â”Œâ”€â”€â”€â”€â”€â”€â”€â”€â”€â”€â”€â”€â”¬â”€â”€â”€â”€â”€â”€â”€â”€â”€â”€â”€â”€â”€â”€â”€â”€â”¬â”€â”€â”€â”€â”€â”€â”€â”€â”€â”€â”€â”€â”€â”€â”€â”€â”€â”€â”€â”€â”€â”€â”€â”€â”€â”€â”€â”€â”€â”€â”€â”€â”€â”€â”
â”‚ Emulator   â”‚ Host:Port      â”‚ View in Emulator UI              â”‚
â”œâ”€â”€â”€â”€â”€â”€â”€â”€â”€â”€â”€â”€â”¼â”€â”€â”€â”€â”€â”€â”€â”€â”€â”€â”€â”€â”€â”€â”€â”€â”¼â”€â”€â”€â”€â”€â”€â”€â”€â”€â”€â”€â”€â”€â”€â”€â”€â”€â”€â”€â”€â”€â”€â”€â”€â”€â”€â”€â”€â”€â”€â”€â”€â”€â”€â”¤
â”‚ Functions  â”‚ 127.0.0.1:5001 â”‚ http://127.0.0.1:4000/functions  â”‚
â”œâ”€â”€â”€â”€â”€â”€â”€â”€â”€â”€â”€â”€â”¼â”€â”€â”€â”€â”€â”€â”€â”€â”€â”€â”€â”€â”€â”€â”€â”€â”¼â”€â”€â”€â”€â”€â”€â”€â”€â”€â”€â”€â”€â”€â”€â”€â”€â”€â”€â”€â”€â”€â”€â”€â”€â”€â”€â”€â”€â”€â”€â”€â”€â”€â”€â”¤
â”‚ Hosting    â”‚ 127.0.0.1:5002 â”‚ n/a                              â”‚
â”œâ”€â”€â”€â”€â”€â”€â”€â”€â”€â”€â”€â”€â”¼â”€â”€â”€â”€â”€â”€â”€â”€â”€â”€â”€â”€â”€â”€â”€â”€â”¼â”€â”€â”€â”€â”€â”€â”€â”€â”€â”€â”€â”€â”€â”€â”€â”€â”€â”€â”€â”€â”€â”€â”€â”€â”€â”€â”€â”€â”€â”€â”€â”€â”€â”€â”¤
â”‚ Extensions â”‚ 127.0.0.1:5001 â”‚ http://127.0.0.1:4000/extensions â”‚
â””â”€â”€â”€â”€â”€â”€â”€â”€â”€â”€â”€â”€â”´â”€â”€â”€â”€â”€â”€â”€â”€â”€â”€â”€â”€â”€â”€â”€â”€â”´â”€â”€â”€â”€â”€â”€â”€â”€â”€â”€â”€â”€â”€â”€â”€â”€â”€â”€â”€â”€â”€â”€â”€â”€â”€â”€â”€â”€â”€â”€â”€â”€â”€â”€â”˜
  Emulator Hub host: 127.0.0.1 port: 4400
  Other reserved ports: 4500
â”Œâ”€â”€â”€â”€â”€â”€â”€â”€â”€â”€â”€â”€â”€â”€â”€â”€â”€â”€â”€â”€â”€â”€â”€â”€â”€â”¬â”€â”€â”€â”€â”€â”€â”€â”€â”€â”€â”€â”€â”€â”€â”€â”¬â”€â”€â”€â”€â”€â”€â”€â”€â”€â”€â”€â”€â”€â”€â”€â”€â”€â”€â”€â”€â”€â”
â”‚ Extension Instance Name â”‚ Extension Ref â”‚ View in Emulator UI â”‚
â””â”€â”€â”€â”€â”€â”€â”€â”€â”€â”€â”€â”€â”€â”€â”€â”€â”€â”€â”€â”€â”€â”€â”€â”€â”€â”´â”€â”€â”€â”€â”€â”€â”€â”€â”€â”€â”€â”€â”€â”€â”€â”´â”€â”€â”€â”€â”€â”€â”€â”€â”€â”€â”€â”€â”€â”€â”€â”€â”€â”€â”€â”€â”€â”˜
Issues? Report them at https://github.com/firebase/firebase-tools/issues and attach the *-debug.log files.
 
[debug] [2025-08-13T05:29:26.375Z] [work-queue] {"queuedWork":["/clone-6f203/us-central1/api/payments/create-2025-08-13T05:29:26.375Z"],"queueLength":1,"runningWork":[],"workRunningCount":0}
[debug] [2025-08-13T05:29:26.376Z] [work-queue] {"queuedWork":[],"queueLength":0,"runningWork":["/clone-6f203/us-central1/api/payments/create-2025-08-13T05:29:26.375Z"],"workRunningCount":1}
[debug] [2025-08-13T05:29:26.377Z] Accepted request POST /clone-6f203/us-central1/api/payments/create?total=148600 --> us-central1-api
[debug] [2025-08-13T05:29:26.378Z] [functions] Runtime ready! Sending request! {"metadata":{"emulator":{"name":"functions"},"message":"[functions] Runtime ready! Sending request!"}}
[debug] [2025-08-13T05:29:26.380Z] [functions] Got req.url=/clone-6f203/us-central1/api/payments/create?total=148600, mapping to path=/payments/create?total=148600 {"metadata":{"emulator":{"name":"functions"},"message":"[functions] Got req.url=/clone-6f203/us-central1/api/payments/create?total=148600, mapping to path=/payments/create?total=148600"}}
[info] i  functions: Loaded environment variables from .env. 
[debug] [2025-08-13T05:29:26.400Z] [worker-pool] addWorker(us-central1-api) {"metadata":{"emulator":{"name":"functions"},"message":"[worker-pool] addWorker(us-central1-api)"}}
[debug] [2025-08-13T05:29:26.403Z] [worker-pool] Adding worker with key us-central1-api, total=1 {"metadata":{"emulator":{"name":"functions"},"message":"[worker-pool] Adding worker with key us-central1-api, total=1"}}
[debug] [2025-08-13T05:29:27.139Z] [runtime-status] [23685] Resolved module firebase-admin {"declared":true,"installed":true,"version":"12.7.0","resolution":"/Users/pc/Desktop/Amazon-clone/amazon-clone/functions/node_modules/firebase-admin/lib/index.js"} {"metadata":{"emulator":{"name":"functions"},"function":{"name":"us-central1-api"},"extension":{},"message":"[runtime-status] [23685] Resolved module firebase-admin {\"declared\":true,\"installed\":true,\"version\":\"12.7.0\",\"resolution\":\"/Users/pc/Desktop/Amazon-clone/amazon-clone/functions/node_modules/firebase-admin/lib/index.js\"}"}}
[debug] [2025-08-13T05:29:27.140Z] [runtime-status] [23685] Resolved module firebase-functions {"declared":true,"installed":true,"version":"6.4.0","resolution":"/Users/pc/Desktop/Amazon-clone/amazon-clone/functions/node_modules/firebase-functions/lib/v2/index.js"} {"metadata":{"emulator":{"name":"functions"},"function":{"name":"us-central1-api"},"extension":{},"message":"[runtime-status] [23685] Resolved module firebase-functions {\"declared\":true,\"installed\":true,\"version\":\"6.4.0\",\"resolution\":\"/Users/pc/Desktop/Amazon-clone/amazon-clone/functions/node_modules/firebase-functions/lib/v2/index.js\"}"}}
[debug] [2025-08-13T05:29:27.140Z] [runtime-status] [23685] Outgoing network have been stubbed. [{"name":"http","status":"mocked"},{"name":"http","status":"mocked"},{"name":"https","status":"mocked"},{"name":"https","status":"mocked"},{"name":"net","status":"mocked"}] {"metadata":{"emulator":{"name":"functions"},"function":{"name":"us-central1-api"},"extension":{},"message":"[runtime-status] [23685] Outgoing network have been stubbed. [{\"name\":\"http\",\"status\":\"mocked\"},{\"name\":\"http\",\"status\":\"mocked\"},{\"name\":\"https\",\"status\":\"mocked\"},{\"name\":\"https\",\"status\":\"mocked\"},{\"name\":\"net\",\"status\":\"mocked\"}]"}}
[debug] [2025-08-13T05:29:27.141Z] [runtime-status] [23685] Resolved module firebase-functions {"declared":true,"installed":true,"version":"6.4.0","resolution":"/Users/pc/Desktop/Amazon-clone/amazon-clone/functions/node_modules/firebase-functions/lib/v2/index.js"} {"metadata":{"emulator":{"name":"functions"},"function":{"name":"us-central1-api"},"extension":{},"message":"[runtime-status] [23685] Resolved module firebase-functions {\"declared\":true,\"installed\":true,\"version\":\"6.4.0\",\"resolution\":\"/Users/pc/Desktop/Amazon-clone/amazon-clone/functions/node_modules/firebase-functions/lib/v2/index.js\"}"}}
[debug] [2025-08-13T05:29:27.389Z] [runtime-status] [23685] Checked functions.config() {"config":{}} {"metadata":{"emulator":{"name":"functions"},"function":{"name":"us-central1-api"},"extension":{},"message":"[runtime-status] [23685] Checked functions.config() {\"config\":{}}"}}
[debug] [2025-08-13T05:29:27.390Z] [runtime-status] [23685] firebase-functions has been stubbed. {"functionsResolution":{"declared":true,"installed":true,"version":"6.4.0","resolution":"/Users/pc/Desktop/Amazon-clone/amazon-clone/functions/node_modules/firebase-functions/lib/v2/index.js"}} {"metadata":{"emulator":{"name":"functions"},"function":{"name":"us-central1-api"},"extension":{},"message":"[runtime-status] [23685] firebase-functions has been stubbed. {\"functionsResolution\":{\"declared\":true,\"installed\":true,\"version\":\"6.4.0\",\"resolution\":\"/Users/pc/Desktop/Amazon-clone/amazon-clone/functions/node_modules/firebase-functions/lib/v2/index.js\"}}"}}
[debug] [2025-08-13T05:29:27.390Z] [runtime-status] [23685] Resolved module firebase-functions {"declared":true,"installed":true,"version":"6.4.0","resolution":"/Users/pc/Desktop/Amazon-clone/amazon-clone/functions/node_modules/firebase-functions/lib/v2/index.js"} {"metadata":{"emulator":{"name":"functions"},"function":{"name":"us-central1-api"},"extension":{},"message":"[runtime-status] [23685] Resolved module firebase-functions {\"declared\":true,\"installed\":true,\"version\":\"6.4.0\",\"resolution\":\"/Users/pc/Desktop/Amazon-clone/amazon-clone/functions/node_modules/firebase-functions/lib/v2/index.js\"}"}}
[debug] [2025-08-13T05:29:27.395Z] [runtime-status] [23685] Resolved module firebase-admin {"declared":true,"installed":true,"version":"12.7.0","resolution":"/Users/pc/Desktop/Amazon-clone/amazon-clone/functions/node_modules/firebase-admin/lib/index.js"} {"metadata":{"emulator":{"name":"functions"},"function":{"name":"us-central1-api"},"extension":{},"message":"[runtime-status] [23685] Resolved module firebase-admin {\"declared\":true,\"installed\":true,\"version\":\"12.7.0\",\"resolution\":\"/Users/pc/Desktop/Amazon-clone/amazon-clone/functions/node_modules/firebase-admin/lib/index.js\"}"}}
[debug] [2025-08-13T05:29:27.400Z] [runtime-status] [23685] Resolved module firebase-functions {"declared":true,"installed":true,"version":"6.4.0","resolution":"/Users/pc/Desktop/Amazon-clone/amazon-clone/functions/node_modules/firebase-functions/lib/v2/index.js"} {"metadata":{"emulator":{"name":"functions"},"function":{"name":"us-central1-api"},"extension":{},"message":"[runtime-status] [23685] Resolved module firebase-functions {\"declared\":true,\"installed\":true,\"version\":\"6.4.0\",\"resolution\":\"/Users/pc/Desktop/Amazon-clone/amazon-clone/functions/node_modules/firebase-functions/lib/v2/index.js\"}"}}
[debug] [2025-08-13T05:29:27.401Z] [runtime-status] [23685] firebase-admin has been stubbed. {"adminResolution":{"declared":true,"installed":true,"version":"12.7.0","resolution":"/Users/pc/Desktop/Amazon-clone/amazon-clone/functions/node_modules/firebase-admin/lib/index.js"}} {"metadata":{"emulator":{"name":"functions"},"function":{"name":"us-central1-api"},"extension":{},"message":"[runtime-status] [23685] firebase-admin has been stubbed. {\"adminResolution\":{\"declared\":true,\"installed\":true,\"version\":\"12.7.0\",\"resolution\":\"/Users/pc/Desktop/Amazon-clone/amazon-clone/functions/node_modules/firebase-admin/lib/index.js\"}}"}}
[info] >  [dotenv@17.2.1] injecting env (0) from .env -- tip: ðŸ› ï¸  run anywhere with `dotenvx run -- yourcommand` {"user":"[dotenv@17.2.1] injecting env (0) from .env -- tip: ðŸ› ï¸  run anywhere with `dotenvx run -- yourcommand`","metadata":{"emulator":{"name":"functions"},"function":{"name":"us-central1-api"},"extension":{},"message":"\u001b[90m> \u001b[39m [dotenv@17.2.1] injecting env (0) from .env -- tip: ðŸ› ï¸  run anywhere with `dotenvx run -- yourcommand`"}}
[debug] [2025-08-13T05:29:27.566Z] [runtime-status] [23685] Functions runtime initialized. {"cwd":"/Users/pc/Desktop/Amazon-clone/amazon-clone/functions","node_version":"24.3.0"} {"metadata":{"emulator":{"name":"functions"},"function":{"name":"us-central1-api"},"extension":{},"message":"[runtime-status] [23685] Functions runtime initialized. {\"cwd\":\"/Users/pc/Desktop/Amazon-clone/amazon-clone/functions\",\"node_version\":\"24.3.0\"}"}}
[debug] [2025-08-13T05:29:27.567Z] [runtime-status] [23685] Listening to port: /var/folders/ml/3nc31qfs0s31v300x9n8m6lc0000gn/T/fire_emu_bcfdbd24f176f01b.sock {"metadata":{"emulator":{"name":"functions"},"function":{"name":"us-central1-api"},"extension":{},"message":"[runtime-status] [23685] Listening to port: /var/folders/ml/3nc31qfs0s31v300x9n8m6lc0000gn/T/fire_emu_bcfdbd24f176f01b.sock"}}
[debug] [2025-08-13T05:29:27.630Z] [worker-us-central1-api-900391ab-ae5d-4437-9a02-b376aeea606f]: IDLE {"metadata":{"emulator":{"name":"functions"},"function":{"name":"us-central1-api"},"extension":{},"message":"[worker-us-central1-api-900391ab-ae5d-4437-9a02-b376aeea606f]: IDLE"}}
[debug] [2025-08-13T05:29:27.630Z] [worker-pool] submitRequest(triggerId=us-central1-api) {"metadata":{"emulator":{"name":"functions"},"message":"[worker-pool] submitRequest(triggerId=us-central1-api)"}}
[info] i  functions: Beginning execution of "us-central1-api" {"metadata":{"emulator":{"name":"functions"},"function":{"name":"us-central1-api"},"extension":{},"message":"Beginning execution of \"us-central1-api\""}}
[debug] [2025-08-13T05:29:27.631Z] [worker-us-central1-api-900391ab-ae5d-4437-9a02-b376aeea606f]: BUSY {"metadata":{"emulator":{"name":"functions"},"function":{"name":"us-central1-api"},"extension":{},"message":"[worker-us-central1-api-900391ab-ae5d-4437-9a02-b376aeea606f]: BUSY"}}
[info] >  payment request received 148600 {"user":"payment request received 148600","metadata":{"emulator":{"name":"functions"},"function":{"name":"us-central1-api"},"extension":{},"message":"\u001b[90m> \u001b[39m payment request received 148600"}}
[debug] [2025-08-13T05:29:28.455Z] Finishing up request with event=pause {"metadata":{"emulator":{"name":"functions"},"function":{"name":"us-central1-api"},"extension":{},"message":"Finishing up request with event=pause"}}
[info] i  functions: Finished "us-central1-api" in 823.956746ms {"metadata":{"emulator":{"name":"functions"},"function":{"name":"us-central1-api"},"extension":{},"message":"Finished \"us-central1-api\" in 823.956746ms"}}
[debug] [2025-08-13T05:29:28.456Z] [worker-us-central1-api-900391ab-ae5d-4437-9a02-b376aeea606f]: IDLE {"metadata":{"emulator":{"name":"functions"},"function":{"name":"us-central1-api"},"extension":{},"message":"[worker-us-central1-api-900391ab-ae5d-4437-9a02-b376aeea606f]: IDLE"}}
[debug] [2025-08-13T05:29:28.457Z] Finishing up request with event=finish {"metadata":{"emulator":{"name":"functions"},"function":{"name":"us-central1-api"},"extension":{},"message":"Finishing up request with event=finish"}}
[debug] [2025-08-13T05:29:28.457Z] Finishing up request with event=close {"metadata":{"emulator":{"name":"functions"},"function":{"name":"us-central1-api"},"extension":{},"message":"Finishing up request with event=close"}}
[debug] [2025-08-13T05:29:28.457Z] [work-queue] {"queuedWork":[],"queueLength":0,"runningWork":[],"workRunningCount":0}
